<?xml version="1.0" encoding="UTF-8"?>
<robot generator="Robot 7.2.2 (Python 3.13.2 on win32)" generated="2025-03-26T13:27:40.331403" rpa="false" schemaversion="5">
<suite id="s1" name="Test 1" source="C:\Users\voraprot.s\OneDrive - doppiotech.com\Desktop\Automate2025\Test_1">
<suite id="s1-s1" name="Test if" source="C:\Users\voraprot.s\OneDrive - doppiotech.com\Desktop\Automate2025\Test_1\Test_if.robot">
<test id="s1-s1-t1" name="TC01: To Verify Open Doppee Website" line="55">
<for flavor="IN RANGE">
<iter>
<kw name="Exit For Loop If" owner="BuiltIn">
<arg>${number}==5</arg>
<doc>Stops executing the enclosing FOR loop if the ``condition`` is true.</doc>
<status status="PASS" start="2025-03-26T13:27:40.926502" elapsed="0.000561"/>
</kw>
<kw name="Continue For Loop If" owner="BuiltIn">
<arg>${number}==3</arg>
<doc>Skips the current FOR loop iteration if the ``condition`` is true.</doc>
<status status="PASS" start="2025-03-26T13:27:40.927312" elapsed="0.000705"/>
</kw>
<kw name="Log To Console" owner="BuiltIn">
<arg>${number}</arg>
<doc>Logs the given message to the console.</doc>
<status status="PASS" start="2025-03-26T13:27:40.928202" elapsed="0.000766"/>
</kw>
<kw name="Log To Console" owner="BuiltIn">
<arg>Finish Loop</arg>
<doc>Logs the given message to the console.</doc>
<status status="PASS" start="2025-03-26T13:27:40.929158" elapsed="0.000258"/>
</kw>
<var name="${number}">1</var>
<status status="PASS" start="2025-03-26T13:27:40.925074" elapsed="0.004403"/>
</iter>
<iter>
<kw name="Exit For Loop If" owner="BuiltIn">
<arg>${number}==5</arg>
<doc>Stops executing the enclosing FOR loop if the ``condition`` is true.</doc>
<status status="PASS" start="2025-03-26T13:27:40.929859" elapsed="0.000282"/>
</kw>
<kw name="Continue For Loop If" owner="BuiltIn">
<arg>${number}==3</arg>
<doc>Skips the current FOR loop iteration if the ``condition`` is true.</doc>
<status status="PASS" start="2025-03-26T13:27:40.930249" elapsed="0.000230"/>
</kw>
<kw name="Log To Console" owner="BuiltIn">
<arg>${number}</arg>
<doc>Logs the given message to the console.</doc>
<status status="PASS" start="2025-03-26T13:27:40.930582" elapsed="0.001716"/>
</kw>
<kw name="Log To Console" owner="BuiltIn">
<arg>Finish Loop</arg>
<doc>Logs the given message to the console.</doc>
<status status="PASS" start="2025-03-26T13:27:40.932579" elapsed="0.000537"/>
</kw>
<var name="${number}">2</var>
<status status="PASS" start="2025-03-26T13:27:40.929696" elapsed="0.003502"/>
</iter>
<iter>
<kw name="Exit For Loop If" owner="BuiltIn">
<arg>${number}==5</arg>
<doc>Stops executing the enclosing FOR loop if the ``condition`` is true.</doc>
<status status="PASS" start="2025-03-26T13:27:40.933607" elapsed="0.000338"/>
</kw>
<kw name="Continue For Loop If" owner="BuiltIn">
<msg time="2025-03-26T13:27:40.934323" level="INFO">Continuing for loop from the next iteration.</msg>
<arg>${number}==3</arg>
<doc>Skips the current FOR loop iteration if the ``condition`` is true.</doc>
<status status="PASS" start="2025-03-26T13:27:40.934081" elapsed="0.000448"/>
</kw>
<kw name="Log To Console" owner="BuiltIn">
<arg>${number}</arg>
<doc>Logs the given message to the console.</doc>
<status status="NOT RUN" start="2025-03-26T13:27:40.934701" elapsed="0.000668"/>
</kw>
<kw name="Log To Console" owner="BuiltIn">
<arg>Finish Loop</arg>
<doc>Logs the given message to the console.</doc>
<status status="NOT RUN" start="2025-03-26T13:27:40.935550" elapsed="0.000109"/>
</kw>
<var name="${number}">3</var>
<status status="PASS" start="2025-03-26T13:27:40.933383" elapsed="0.002334"/>
</iter>
<iter>
<kw name="Exit For Loop If" owner="BuiltIn">
<arg>${number}==5</arg>
<doc>Stops executing the enclosing FOR loop if the ``condition`` is true.</doc>
<status status="PASS" start="2025-03-26T13:27:40.936083" elapsed="0.001068"/>
</kw>
<kw name="Continue For Loop If" owner="BuiltIn">
<arg>${number}==3</arg>
<doc>Skips the current FOR loop iteration if the ``condition`` is true.</doc>
<status status="PASS" start="2025-03-26T13:27:40.937573" elapsed="0.000589"/>
</kw>
<kw name="Log To Console" owner="BuiltIn">
<arg>${number}</arg>
<doc>Logs the given message to the console.</doc>
<status status="PASS" start="2025-03-26T13:27:40.938339" elapsed="0.000365"/>
</kw>
<kw name="Log To Console" owner="BuiltIn">
<arg>Finish Loop</arg>
<doc>Logs the given message to the console.</doc>
<status status="PASS" start="2025-03-26T13:27:40.938808" elapsed="0.000166"/>
</kw>
<var name="${number}">4</var>
<status status="PASS" start="2025-03-26T13:27:40.935941" elapsed="0.003084"/>
</iter>
<iter>
<kw name="Exit For Loop If" owner="BuiltIn">
<msg time="2025-03-26T13:27:40.940072" level="INFO">Exiting for loop altogether.</msg>
<arg>${number}==5</arg>
<doc>Stops executing the enclosing FOR loop if the ``condition`` is true.</doc>
<status status="PASS" start="2025-03-26T13:27:40.939687" elapsed="0.000492"/>
</kw>
<kw name="Continue For Loop If" owner="BuiltIn">
<arg>${number}==3</arg>
<doc>Skips the current FOR loop iteration if the ``condition`` is true.</doc>
<status status="NOT RUN" start="2025-03-26T13:27:40.940313" elapsed="0.000071"/>
</kw>
<kw name="Log To Console" owner="BuiltIn">
<arg>${number}</arg>
<doc>Logs the given message to the console.</doc>
<status status="NOT RUN" start="2025-03-26T13:27:40.940474" elapsed="0.000047"/>
</kw>
<kw name="Log To Console" owner="BuiltIn">
<arg>Finish Loop</arg>
<doc>Logs the given message to the console.</doc>
<status status="NOT RUN" start="2025-03-26T13:27:40.940599" elapsed="0.000047"/>
</kw>
<var name="${number}">5</var>
<status status="PASS" start="2025-03-26T13:27:40.939352" elapsed="0.001338"/>
</iter>
<var>${number}</var>
<value>1</value>
<value>10</value>
<status status="PASS" start="2025-03-26T13:27:40.924212" elapsed="0.016545"/>
</for>
<status status="PASS" start="2025-03-26T13:27:40.923695" elapsed="0.017396"/>
</test>
<status status="PASS" start="2025-03-26T13:27:40.396290" elapsed="0.546084"/>
</suite>
<status status="PASS" start="2025-03-26T13:27:40.380293" elapsed="0.562744"/>
</suite>
<statistics>
<total>
<stat pass="1" fail="0" skip="0">All Tests</stat>
</total>
<tag>
</tag>
<suite>
<stat name="Test 1" id="s1" pass="1" fail="0" skip="0">Test 1</stat>
<stat name="Test if" id="s1-s1" pass="1" fail="0" skip="0">Test 1.Test if</stat>
</suite>
</statistics>
<errors>
<msg time="2025-03-26T13:27:40.918740" level="ERROR">Error in file 'C:\Users\voraprot.s\OneDrive - doppiotech.com\Desktop\Automate2025\Test_1\Test_if.robot' on line 3: Importing library 'DebugLibrary' failed: ModuleNotFoundError: No module named 'DebugLibrary'
Traceback (most recent call last):
  None
PYTHONPATH:
  C:\Users\voraprot.s\AppData\Local\Programs\Python\Python313\Scripts\robot.exe
  C:\Users\voraprot.s\AppData\Local\Programs\Python\Python313\python313.zip
  C:\Users\voraprot.s\AppData\Local\Programs\Python\Python313\DLLs
  C:\Users\voraprot.s\AppData\Local\Programs\Python\Python313\Lib
  C:\Users\voraprot.s\AppData\Local\Programs\Python\Python313
  C:\Users\voraprot.s\AppData\Local\Programs\Python\Python313\Lib\site-packages</msg>
</errors>
</robot>
