<?xml version="1.0" encoding="UTF-8"?>
<robot generator="Robot 7.2.2 (Python 3.13.2 on win32)" generated="2025-03-26T13:27:40.361040" rpa="false" schemaversion="5">
<suite id="s1" name="Test 1" source="C:\Users\voraprot.s\OneDrive - doppiotech.com\Desktop\Automate2025\Test_1">
<suite id="s1-s1" name="Test" source="C:\Users\voraprot.s\OneDrive - doppiotech.com\Desktop\Automate2025\Test_1\test.robot">
<test id="s1-s1-t1" name="TC01" line="65">
<kw name="Open Doppee" owner="keyword" type="SETUP">
<kw name="Open Browser" owner="SeleniumLibrary">
<msg time="2025-03-26T13:27:40.931343" level="INFO">Opening browser 'edge' to base url 'https://training-platform.doppio-tech.com/login'.</msg>
<arg>${url}</arg>
<arg>edge</arg>
<doc>Opens a new browser instance to the optional ``url``.</doc>
<status status="PASS" start="2025-03-26T13:27:40.930188" elapsed="6.200429"/>
</kw>
<arg>https://training-platform.doppio-tech.com/login</arg>
<status status="PASS" start="2025-03-26T13:27:40.928931" elapsed="6.202138"/>
</kw>
<kw name="Calculate Factorial">
<kw name="Convert To Integer" owner="BuiltIn">
<msg time="2025-03-26T13:27:47.134013" level="INFO">${number} = 3</msg>
<var>${number}</var>
<arg>${number}</arg>
<doc>Converts the given item to an integer number.</doc>
<status status="PASS" start="2025-03-26T13:27:47.133296" elapsed="0.000787"/>
</kw>
<kw name="Run Keyword If" owner="BuiltIn">
<arg>${number} == 1</arg>
<arg>Return From Keyword</arg>
<arg>1</arg>
<doc>Runs the given keyword with the given arguments, if ``condition`` is true.</doc>
<status status="PASS" start="2025-03-26T13:27:47.134340" elapsed="0.000470"/>
</kw>
<kw name="Calculate Factorial">
<kw name="Convert To Integer" owner="BuiltIn">
<msg time="2025-03-26T13:27:47.136837" level="INFO">${number} = 2</msg>
<var>${number}</var>
<arg>${number}</arg>
<doc>Converts the given item to an integer number.</doc>
<status status="PASS" start="2025-03-26T13:27:47.136463" elapsed="0.000419"/>
</kw>
<kw name="Run Keyword If" owner="BuiltIn">
<arg>${number} == 1</arg>
<arg>Return From Keyword</arg>
<arg>1</arg>
<doc>Runs the given keyword with the given arguments, if ``condition`` is true.</doc>
<status status="PASS" start="2025-03-26T13:27:47.137031" elapsed="0.000280"/>
</kw>
<kw name="Calculate Factorial">
<kw name="Convert To Integer" owner="BuiltIn">
<msg time="2025-03-26T13:27:47.139050" level="INFO">${number} = 1</msg>
<var>${number}</var>
<arg>${number}</arg>
<doc>Converts the given item to an integer number.</doc>
<status status="PASS" start="2025-03-26T13:27:47.138594" elapsed="0.000496"/>
</kw>
<kw name="Run Keyword If" owner="BuiltIn">
<kw name="Return From Keyword" owner="BuiltIn">
<msg time="2025-03-26T13:27:47.139889" level="INFO">Returning from the enclosing user keyword.</msg>
<arg>1</arg>
<doc>Returns from the enclosing user keyword.</doc>
<status status="PASS" start="2025-03-26T13:27:47.139735" elapsed="0.000293"/>
</kw>
<arg>${number} == 1</arg>
<arg>Return From Keyword</arg>
<arg>1</arg>
<doc>Runs the given keyword with the given arguments, if ``condition`` is true.</doc>
<status status="PASS" start="2025-03-26T13:27:47.139270" elapsed="0.000863"/>
</kw>
<kw name="Calculate Factorial">
<var>${previous}</var>
<arg>${number - 1}</arg>
<status status="NOT RUN" start="2025-03-26T13:27:47.140375" elapsed="0.000121"/>
</kw>
<kw name="Evaluate" owner="BuiltIn">
<var>${result}</var>
<arg>${number}*${previous}</arg>
<doc>Evaluates the given expression in Python and returns the result.</doc>
<status status="NOT RUN" start="2025-03-26T13:27:47.140681" elapsed="0.000085"/>
</kw>
<kw name="Return From Keyword" owner="BuiltIn">
<arg>${result}</arg>
<doc>Returns from the enclosing user keyword.</doc>
<status status="NOT RUN" start="2025-03-26T13:27:47.140909" elapsed="0.000056"/>
</kw>
<msg time="2025-03-26T13:27:47.141200" level="INFO">${previous} = 1</msg>
<var>${previous}</var>
<arg>${number - 1}</arg>
<status status="PASS" start="2025-03-26T13:27:47.137527" elapsed="0.003708"/>
</kw>
<kw name="Evaluate" owner="BuiltIn">
<msg time="2025-03-26T13:27:47.142141" level="INFO">${result} = 2</msg>
<var>${result}</var>
<arg>${number}*${previous}</arg>
<doc>Evaluates the given expression in Python and returns the result.</doc>
<status status="PASS" start="2025-03-26T13:27:47.141356" elapsed="0.000847"/>
</kw>
<kw name="Return From Keyword" owner="BuiltIn">
<msg time="2025-03-26T13:27:47.142706" level="INFO">Returning from the enclosing user keyword.</msg>
<arg>${result}</arg>
<doc>Returns from the enclosing user keyword.</doc>
<status status="PASS" start="2025-03-26T13:27:47.142441" elapsed="0.000372"/>
</kw>
<msg time="2025-03-26T13:27:47.143078" level="INFO">${previous} = 2</msg>
<var>${previous}</var>
<arg>${number - 1}</arg>
<status status="PASS" start="2025-03-26T13:27:47.135047" elapsed="0.008059"/>
</kw>
<kw name="Evaluate" owner="BuiltIn">
<msg time="2025-03-26T13:27:47.143761" level="INFO">${result} = 6</msg>
<var>${result}</var>
<arg>${number}*${previous}</arg>
<doc>Evaluates the given expression in Python and returns the result.</doc>
<status status="PASS" start="2025-03-26T13:27:47.143292" elapsed="0.000505"/>
</kw>
<kw name="Return From Keyword" owner="BuiltIn">
<msg time="2025-03-26T13:27:47.144121" level="INFO">Returning from the enclosing user keyword.</msg>
<arg>${result}</arg>
<doc>Returns from the enclosing user keyword.</doc>
<status status="PASS" start="2025-03-26T13:27:47.143956" elapsed="0.000241"/>
</kw>
<msg time="2025-03-26T13:27:47.144366" level="INFO">${result} = 6</msg>
<var>${result}</var>
<arg>3</arg>
<status status="PASS" start="2025-03-26T13:27:47.131542" elapsed="0.012875"/>
</kw>
<kw name="Log To Console" owner="BuiltIn">
<arg>${result}</arg>
<doc>Logs the given message to the console.</doc>
<status status="PASS" start="2025-03-26T13:27:47.144820" elapsed="0.001196"/>
</kw>
<kw name="Convert To Integer" owner="BuiltIn">
<msg time="2025-03-26T13:27:47.146688" level="INFO">${expected} = 6</msg>
<var>${expected}</var>
<arg>6</arg>
<doc>Converts the given item to an integer number.</doc>
<status status="PASS" start="2025-03-26T13:27:47.146346" elapsed="0.000373"/>
</kw>
<kw name="Should Be Equal" owner="BuiltIn">
<arg>${result}</arg>
<arg>${expected}</arg>
<doc>Fails if the given objects are unequal.</doc>
<status status="PASS" start="2025-03-26T13:27:47.146829" elapsed="0.000194"/>
</kw>
<kw name="Close Browser" owner="SeleniumLibrary" type="TEARDOWN">
<doc>Closes the current browser.</doc>
<status status="PASS" start="2025-03-26T13:27:47.147226" elapsed="4.453136"/>
</kw>
<status status="PASS" start="2025-03-26T13:27:40.927956" elapsed="10.672612"/>
</test>
<status status="PASS" start="2025-03-26T13:27:40.443848" elapsed="11.157512"/>
</suite>
<status status="PASS" start="2025-03-26T13:27:40.426972" elapsed="11.175093"/>
</suite>
<statistics>
<total>
<stat pass="1" fail="0" skip="0">All Tests</stat>
</total>
<tag>
</tag>
<suite>
<stat name="Test 1" id="s1" pass="1" fail="0" skip="0">Test 1</stat>
<stat name="Test" id="s1-s1" pass="1" fail="0" skip="0">Test 1.Test</stat>
</suite>
</statistics>
<errors>
</errors>
</robot>
