<?xml version="1.0" encoding="UTF-8"?>
<robot generator="Robot 7.2.2 (Python 3.13.2 on win32)" generated="2025-03-25T19:19:34.213888" rpa="false" schemaversion="5">
<suite id="s1" name="Test" source="C:\Users\voraprot.s\OneDrive - doppiotech.com\Desktop\Automate2025\Test_1\test.robot">
<test id="s1-t1" name="TC01" line="65">
<kw name="Open Doppee" owner="keyword" type="SETUP">
<kw name="Open Browser" owner="SeleniumLibrary">
<msg time="2025-03-25T19:19:34.577134" level="INFO">Opening browser 'edge' to base url 'https://training-platform.doppio-tech.com/login'.</msg>
<arg>${url}</arg>
<arg>edge</arg>
<doc>Opens a new browser instance to the optional ``url``.</doc>
<status status="PASS" start="2025-03-25T19:19:34.576921" elapsed="2.436755"/>
</kw>
<arg>https://training-platform.doppio-tech.com/login</arg>
<status status="PASS" start="2025-03-25T19:19:34.575824" elapsed="2.438043"/>
</kw>
<kw name="Calculate Factorial">
<kw name="Convert To Integer" owner="BuiltIn">
<msg time="2025-03-25T19:19:37.015375" level="INFO">${number} = 3</msg>
<var>${number}</var>
<arg>${number}</arg>
<doc>Converts the given item to an integer number.</doc>
<status status="PASS" start="2025-03-25T19:19:37.015103" elapsed="0.000321"/>
</kw>
<kw name="Run Keyword If" owner="BuiltIn">
<arg>${number} == 1</arg>
<arg>Return From Keyword</arg>
<arg>1</arg>
<doc>Runs the given keyword with the given arguments, if ``condition`` is true.</doc>
<status status="PASS" start="2025-03-25T19:19:37.015593" elapsed="0.000266"/>
</kw>
<kw name="Calculate Factorial">
<kw name="Convert To Integer" owner="BuiltIn">
<msg time="2025-03-25T19:19:37.016914" level="INFO">${number} = 2</msg>
<var>${number}</var>
<arg>${number}</arg>
<doc>Converts the given item to an integer number.</doc>
<status status="PASS" start="2025-03-25T19:19:37.016724" elapsed="0.000229"/>
</kw>
<kw name="Run Keyword If" owner="BuiltIn">
<arg>${number} == 1</arg>
<arg>Return From Keyword</arg>
<arg>1</arg>
<doc>Runs the given keyword with the given arguments, if ``condition`` is true.</doc>
<status status="PASS" start="2025-03-25T19:19:37.017071" elapsed="0.000148"/>
</kw>
<kw name="Calculate Factorial">
<kw name="Convert To Integer" owner="BuiltIn">
<msg time="2025-03-25T19:19:37.017976" level="INFO">${number} = 1</msg>
<var>${number}</var>
<arg>${number}</arg>
<doc>Converts the given item to an integer number.</doc>
<status status="PASS" start="2025-03-25T19:19:37.017841" elapsed="0.000160"/>
</kw>
<kw name="Run Keyword If" owner="BuiltIn">
<kw name="Return From Keyword" owner="BuiltIn">
<msg time="2025-03-25T19:19:37.018345" level="INFO">Returning from the enclosing user keyword.</msg>
<arg>1</arg>
<doc>Returns from the enclosing user keyword.</doc>
<status status="PASS" start="2025-03-25T19:19:37.018277" elapsed="0.000161"/>
</kw>
<arg>${number} == 1</arg>
<arg>Return From Keyword</arg>
<arg>1</arg>
<doc>Runs the given keyword with the given arguments, if ``condition`` is true.</doc>
<status status="PASS" start="2025-03-25T19:19:37.018094" elapsed="0.000398"/>
</kw>
<kw name="Calculate Factorial">
<var>${previous}</var>
<arg>${number - 1}</arg>
<status status="NOT RUN" start="2025-03-25T19:19:37.018615" elapsed="0.000027"/>
</kw>
<kw name="Evaluate" owner="BuiltIn">
<var>${result}</var>
<arg>${number}*${previous}</arg>
<doc>Evaluates the given expression in Python and returns the result.</doc>
<status status="NOT RUN" start="2025-03-25T19:19:37.018733" elapsed="0.000089"/>
</kw>
<kw name="Return From Keyword" owner="BuiltIn">
<arg>${result}</arg>
<doc>Returns from the enclosing user keyword.</doc>
<status status="NOT RUN" start="2025-03-25T19:19:37.018963" elapsed="0.000028"/>
</kw>
<msg time="2025-03-25T19:19:37.019147" level="INFO">${previous} = 1</msg>
<var>${previous}</var>
<arg>${number - 1}</arg>
<status status="PASS" start="2025-03-25T19:19:37.017360" elapsed="0.001813"/>
</kw>
<kw name="Evaluate" owner="BuiltIn">
<msg time="2025-03-25T19:19:37.020152" level="INFO">${result} = 2</msg>
<var>${result}</var>
<arg>${number}*${previous}</arg>
<doc>Evaluates the given expression in Python and returns the result.</doc>
<status status="PASS" start="2025-03-25T19:19:37.019262" elapsed="0.000954"/>
</kw>
<kw name="Return From Keyword" owner="BuiltIn">
<msg time="2025-03-25T19:19:37.020626" level="INFO">Returning from the enclosing user keyword.</msg>
<arg>${result}</arg>
<doc>Returns from the enclosing user keyword.</doc>
<status status="PASS" start="2025-03-25T19:19:37.020485" elapsed="0.000231"/>
</kw>
<msg time="2025-03-25T19:19:37.020868" level="INFO">${previous} = 2</msg>
<var>${previous}</var>
<arg>${number - 1}</arg>
<status status="PASS" start="2025-03-25T19:19:37.016040" elapsed="0.004852"/>
</kw>
<kw name="Evaluate" owner="BuiltIn">
<msg time="2025-03-25T19:19:37.021258" level="INFO">${result} = 6</msg>
<var>${result}</var>
<arg>${number}*${previous}</arg>
<doc>Evaluates the given expression in Python and returns the result.</doc>
<status status="PASS" start="2025-03-25T19:19:37.020994" elapsed="0.000286"/>
</kw>
<kw name="Return From Keyword" owner="BuiltIn">
<msg time="2025-03-25T19:19:37.021434" level="INFO">Returning from the enclosing user keyword.</msg>
<arg>${result}</arg>
<doc>Returns from the enclosing user keyword.</doc>
<status status="PASS" start="2025-03-25T19:19:37.021376" elapsed="0.000103"/>
</kw>
<msg time="2025-03-25T19:19:37.021592" level="INFO">${result} = 6</msg>
<var>${result}</var>
<arg>3</arg>
<status status="PASS" start="2025-03-25T19:19:37.014538" elapsed="0.007078"/>
</kw>
<kw name="Log To Console" owner="BuiltIn">
<arg>${result}</arg>
<doc>Logs the given message to the console.</doc>
<status status="PASS" start="2025-03-25T19:19:37.022063" elapsed="0.001964"/>
</kw>
<kw name="Convert To Integer" owner="BuiltIn">
<msg time="2025-03-25T19:19:37.025178" level="INFO">${expected} = 6</msg>
<var>${expected}</var>
<arg>6</arg>
<doc>Converts the given item to an integer number.</doc>
<status status="PASS" start="2025-03-25T19:19:37.024737" elapsed="0.000503"/>
</kw>
<kw name="Should Be Equal" owner="BuiltIn">
<arg>${result}</arg>
<arg>${expected}</arg>
<doc>Fails if the given objects are unequal.</doc>
<status status="PASS" start="2025-03-25T19:19:37.025694" elapsed="0.000393"/>
</kw>
<kw name="Close Browser" owner="SeleniumLibrary" type="TEARDOWN">
<doc>Closes the current browser.</doc>
<status status="PASS" start="2025-03-25T19:19:37.026603" elapsed="2.265436"/>
</kw>
<status status="PASS" start="2025-03-25T19:19:34.575089" elapsed="4.717403"/>
</test>
<test id="s1-t2" name="TC02" line="96">
<kw name="Open Doppee" owner="keyword" type="SETUP">
<kw name="Open Browser" owner="SeleniumLibrary">
<msg time="2025-03-25T19:19:39.294091" level="INFO">Opening browser 'edge' to base url 'https://training-platform.doppio-tech.com/login'.</msg>
<arg>${url}</arg>
<arg>edge</arg>
<doc>Opens a new browser instance to the optional ``url``.</doc>
<status status="PASS" start="2025-03-25T19:19:39.293928" elapsed="2.270121"/>
</kw>
<arg>https://training-platform.doppio-tech.com/login</arg>
<status status="PASS" start="2025-03-25T19:19:39.293681" elapsed="2.270513"/>
</kw>
<kw name="Input Information" owner="keyword">
<msg time="2025-03-25T19:19:41.565137" level="FAIL">Variable '${email1}' not found.</msg>
<arg>${email1}</arg>
<arg>${tc002['password']}</arg>
<status status="FAIL" start="2025-03-25T19:19:41.564596" elapsed="0.000585">Variable '${email1}' not found.</status>
</kw>
<kw name="Sleep" owner="BuiltIn">
<arg>3s</arg>
<doc>Pauses the test executed for the given time.</doc>
<status status="NOT RUN" start="2025-03-25T19:19:41.565399" elapsed="0.000030"/>
</kw>
<kw name="Close Browser" owner="SeleniumLibrary" type="TEARDOWN">
<doc>Closes the current browser.</doc>
<status status="PASS" start="2025-03-25T19:19:41.565803" elapsed="2.262618"/>
</kw>
<tag>openaccount</tag>
<status status="FAIL" start="2025-03-25T19:19:39.293264" elapsed="4.535386">Variable '${email1}' not found.</status>
</test>
<status status="FAIL" start="2025-03-25T19:19:34.215540" elapsed="9.614100"/>
</suite>
<statistics>
<total>
<stat pass="1" fail="1" skip="0">All Tests</stat>
</total>
<tag>
<stat pass="0" fail="1" skip="0">openaccount</stat>
</tag>
<suite>
<stat name="Test" id="s1" pass="1" fail="1" skip="0">Test</stat>
</suite>
</statistics>
<errors>
</errors>
</robot>
